# JRE version: OpenJDK Runtime Environment (8.0_242-b01) (build 1.8.0_242-release-1644-b01)
# Java VM: OpenJDK 64-Bit Server VM (25.242-b01 mixed mode windows-amd64 compressed oops)
Heap:
 PSYoungGen      total 253440K, used 115243K [0x00000000d5580000, 0x00000000e5f80000, 0x0000000100000000)
  eden space 233984K, 45% used [0x00000000d5580000,0x00000000dbd70450,0x00000000e3a00000)
  from space 19456K, 45% used [0x00000000e4c80000,0x00000000e551a9b0,0x00000000e5f80000)
  to   space 18944K, 0% used [0x00000000e3a00000,0x00000000e3a00000,0x00000000e4c80000)
 ParOldGen       total 97792K, used 35766K [0x0000000080000000, 0x0000000085f80000, 0x00000000d5580000)
  object space 97792K, 36% used [0x0000000080000000,0x00000000822edb00,0x0000000085f80000)
 Metaspace       used 74335K, capacity 77402K, committed 77656K, reserved 1116160K
  class space    used 9720K, capacity 10368K, committed 10368K, reserved 1048576K
GC Heap History (10 events):
Event: 23.778 GC heap before
{Heap before GC invocations=15 (full 2):
 PSYoungGen      total 144896K, used 144614K [0x00000000d5580000, 0x00000000dfb80000, 0x0000000100000000)
  eden space 133120K, 100% used [0x00000000d5580000,0x00000000dd780000,0x00000000dd780000)
  from space 11776K, 97% used [0x00000000df000000,0x00000000dfb39878,0x00000000dfb80000)
  to   space 13824K, 0% used [0x00000000de080000,0x00000000de080000,0x00000000dee00000)
 ParOldGen       total 67072K, used 14228K [0x0000000080000000, 0x0000000084180000, 0x00000000d5580000)
  object space 67072K, 21% used [0x0000000080000000,0x0000000080de5280,0x0000000084180000)
 Metaspace       used 54743K, capacity 56774K, committed 56792K, reserved 1097728K
  class space    used 7474K, capacity 7932K, committed 7936K, reserved 1048576K
Event: 23.871 GC heap after
Heap after GC invocations=15 (full 2):
 PSYoungGen      total 156160K, used 13810K [0x00000000d5580000, 0x00000000e2980000, 0x0000000100000000)
  eden space 142336K, 0% used [0x00000000d5580000,0x00000000d5580000,0x00000000de080000)
  from space 13824K, 99% used [0x00000000de080000,0x00000000dedfcb90,0x00000000dee00000)
  to   space 18432K, 0% used [0x00000000e1780000,0x00000000e1780000,0x00000000e2980000)
 ParOldGen       total 67072K, used 22111K [0x0000000080000000, 0x0000000084180000, 0x00000000d5580000)
  object space 67072K, 32% used [0x0000000080000000,0x0000000081597d18,0x0000000084180000)
 Metaspace       used 54743K, capacity 56774K, committed 56792K, reserved 1097728K
  class space    used 7474K, capacity 7932K, committed 7936K, reserved 1048576K
}
Event: 24.304 GC heap before
{Heap before GC invocations=16 (full 2):
 PSYoungGen      total 156160K, used 37950K [0x00000000d5580000, 0x00000000e2980000, 0x0000000100000000)
  eden space 142336K, 16% used [0x00000000d5580000,0x00000000d6d12e38,0x00000000de080000)
  from space 13824K, 99% used [0x00000000de080000,0x00000000dedfcb90,0x00000000dee00000)
  to   space 18432K, 0% used [0x00000000e1780000,0x00000000e1780000,0x00000000e2980000)
 ParOldGen       total 67072K, used 22111K [0x0000000080000000, 0x0000000084180000, 0x00000000d5580000)
  object space 67072K, 32% used [0x0000000080000000,0x0000000081597d18,0x0000000084180000)
 Metaspace       used 56854K, capacity 58794K, committed 59028K, reserved 1099776K
  class space    used 7639K, capacity 8074K, committed 8192K, reserved 1048576K
Event: 24.342 GC heap after
Heap after GC invocations=16 (full 2):
 PSYoungGen      total 198656K, used 1728K [0x00000000d5580000, 0x00000000e3d00000, 0x0000000100000000)
  eden space 180224K, 0% used [0x00000000d5580000,0x00000000d5580000,0x00000000e0580000)
  from space 18432K, 9% used [0x00000000e1780000,0x00000000e19303c8,0x00000000e2980000)
  to   space 18432K, 0% used [0x00000000e0580000,0x00000000e0580000,0x00000000e1780000)
 ParOldGen       total 67072K, used 31264K [0x0000000080000000, 0x0000000084180000, 0x00000000d5580000)
  object space 67072K, 46% used [0x0000000080000000,0x0000000081e88198,0x0000000084180000)
 Metaspace       used 56854K, capacity 58794K, committed 59028K, reserved 1099776K
  class space    used 7639K, capacity 8074K, committed 8192K, reserved 1048576K
}
Event: 24.342 GC heap before
{Heap before GC invocations=17 (full 3):
 PSYoungGen      total 198656K, used 1728K [0x00000000d5580000, 0x00000000e3d00000, 0x0000000100000000)
  eden space 180224K, 0% used [0x00000000d5580000,0x00000000d5580000,0x00000000e0580000)
  from space 18432K, 9% used [0x00000000e1780000,0x00000000e19303c8,0x00000000e2980000)
  to   space 18432K, 0% used [0x00000000e0580000,0x00000000e0580000,0x00000000e1780000)
 ParOldGen       total 67072K, used 31264K [0x0000000080000000, 0x0000000084180000, 0x00000000d5580000)
  object space 67072K, 46% used [0x0000000080000000,0x0000000081e88198,0x0000000084180000)
 Metaspace       used 56854K, capacity 58794K, committed 59028K, reserved 1099776K
  class space    used 7639K, capacity 8074K, committed 8192K, reserved 1048576K
Event: 25.021 GC heap after
Heap after GC invocations=17 (full 3):
 PSYoungGen      total 198656K, used 0K [0x00000000d5580000, 0x00000000e3d00000, 0x0000000100000000)
  eden space 180224K, 0% used [0x00000000d5580000,0x00000000d5580000,0x00000000e0580000)
  from space 18432K, 0% used [0x00000000e1780000,0x00000000e1780000,0x00000000e2980000)
  to   space 18432K, 0% used [0x00000000e0580000,0x00000000e0580000,0x00000000e1780000)
 ParOldGen       total 97792K, used 28085K [0x0000000080000000, 0x0000000085f80000, 0x00000000d5580000)
  object space 97792K, 28% used [0x0000000080000000,0x0000000081b6d668,0x0000000085f80000)
 Metaspace       used 56830K, capacity 58716K, committed 59028K, reserved 1099776K
  class space    used 7632K, capacity 8061K, committed 8192K, reserved 1048576K
}
Event: 540.227 GC heap before
{Heap before GC invocations=18 (full 3):
 PSYoungGen      total 198656K, used 180224K [0x00000000d5580000, 0x00000000e3d00000, 0x0000000100000000)
  eden space 180224K, 100% used [0x00000000d5580000,0x00000000e0580000,0x00000000e0580000)
  from space 18432K, 0% used [0x00000000e1780000,0x00000000e1780000,0x00000000e2980000)
  to   space 18432K, 0% used [0x00000000e0580000,0x00000000e0580000,0x00000000e1780000)
 ParOldGen       total 97792K, used 28085K [0x0000000080000000, 0x0000000085f80000, 0x00000000d5580000)
  object space 97792K, 28% used [0x0000000080000000,0x0000000081b6d668,0x0000000085f80000)
 Metaspace       used 64139K, capacity 66624K, committed 66776K, reserved 1107968K
  class space    used 8537K, capacity 9089K, committed 9216K, reserved 1048576K
Event: 540.355 GC heap after
Heap after GC invocations=18 (full 3):
 PSYoungGen      total 198656K, used 12685K [0x00000000d5580000, 0x00000000e5f80000, 0x0000000100000000)
  eden space 180224K, 0% used [0x00000000d5580000,0x00000000d5580000,0x00000000e0580000)
  from space 18432K, 68% used [0x00000000e0580000,0x00000000e11e35a0,0x00000000e1780000)
  to   space 19456K, 0% used [0x00000000e4c80000,0x00000000e4c80000,0x00000000e5f80000)
 ParOldGen       total 97792K, used 28093K [0x0000000080000000, 0x0000000085f80000, 0x00000000d5580000)
  object space 97792K, 28% used [0x0000000080000000,0x0000000081b6f668,0x0000000085f80000)
 Metaspace       used 64139K, capacity 66624K, committed 66776K, reserved 1107968K
  class space    used 8537K, capacity 9089K, committed 9216K, reserved 1048576K
}
Event: 550.430 GC heap before
{Heap before GC invocations=19 (full 3):
 PSYoungGen      total 198656K, used 192909K [0x00000000d5580000, 0x00000000e5f80000, 0x0000000100000000)
  eden space 180224K, 100% used [0x00000000d5580000,0x00000000e0580000,0x00000000e0580000)
  from space 18432K, 68% used [0x00000000e0580000,0x00000000e11e35a0,0x00000000e1780000)
  to   space 19456K, 0% used [0x00000000e4c80000,0x00000000e4c80000,0x00000000e5f80000)
 ParOldGen       total 97792K, used 28093K [0x0000000080000000, 0x0000000085f80000, 0x00000000d5580000)
  object space 97792K, 28% used [0x0000000080000000,0x0000000081b6f668,0x0000000085f80000)
 Metaspace       used 69938K, capacity 72910K, committed 73048K, reserved 1112064K
  class space    used 9199K, capacity 9818K, committed 9856K, reserved 1048576K
Event: 550.805 GC heap after
Heap after GC invocations=19 (full 3):
 PSYoungGen      total 253440K, used 8810K [0x00000000d5580000, 0x00000000e5f80000, 0x0000000100000000)
  eden space 233984K, 0% used [0x00000000d5580000,0x00000000d5580000,0x00000000e3a00000)
  from space 19456K, 45% used [0x00000000e4c80000,0x00000000e551a9b0,0x00000000e5f80000)
  to   space 18944K, 0% used [0x00000000e3a00000,0x00000000e3a00000,0x00000000e4c80000)
 ParOldGen       total 97792K, used 35766K [0x0000000080000000, 0x0000000085f80000, 0x00000000d5580000)
  object space 97792K, 36% used [0x0000000080000000,0x00000000822edb00,0x0000000085f80000)
 Metaspace       used 69938K, capacity 72910K, committed 73048K, reserved 1112064K
  class space    used 9199K, capacity 9818K, committed 9856K, reserved 1048576K
}

